#
# A fatal error has been detected by the Java Runtime Environment:
#
#  EXCEPTION_ACCESS_VIOLATION (0xc0000005) at pc=0x000000006a6b8213, pid=6968, tid=8924
#
# JRE version: Java(TM) SE Runtime Environment (8.0_60-b27) (build 1.8.0_60-b27)
# Java VM: Java HotSpot(TM) 64-Bit Server VM (25.60-b23 mixed mode windows-amd64 compressed oops)
# Problematic frame:
# V  [jvm.dll+0x148213]
#
# Failed to write core dump. Minidumps are not enabled by default on client versions of Windows
#
# If you would like to submit a bug report, please visit:
#   http://bugreport.java.com/bugreport/crash.jsp
#

---------------  T H R E A D  ---------------

Current thread (0x00000000023a0800):  JavaThread "main" [_thread_in_vm, id=8924, stack(0x00000000022a0000,0x00000000023a0000)]

siginfo: ExceptionCode=0xc0000005, reading address 0x0000000000000000

Registers:
RAX=0x000000001bef9648, RBX=0x00000007c0060218, RCX=0x0000000000000000, RDX=0x000000001bef9640
RSP=0x000000000239ef30, RBP=0x000000000239f0d8, RSI=0x00000000023a09f8, RDI=0x00000000023a0800
R8 =0x0000000000000003, R9 =0x0000000000000000, R10=0x0000000000000000, R11=0x0000000000000200
R12=0x0000000000000000, R13=0x000000001b910628, R14=0x000000000239f0f0, R15=0x00000000023a0800
RIP=0x000000006a6b8213, EFLAGS=0x0000000000010202

Top of Stack: (sp=0x000000000239ef30)
0x000000000239ef30:   00000000023a09f8 00000007c0060218
0x000000000239ef40:   000000000239f0d8 00000000023a0800
0x000000000239ef50:   0000000000000000 000000001bef9640
0x000000000239ef60:   00000000023a0800 00007ff8cd78a030
0x000000000239ef70:   00007ff8cd78a054 000000000000000e
0x000000000239ef80:   000000000255f295 00000000023a0800
0x000000000239ef90:   000000000221ed00 0000000000000617
0x000000000239efa0:   000000006ab6c580 000000006a6cc91f
0x000000000239efb0:   00000000023a0800 00000000049b6570
0x000000000239efc0:   000000001bef9640 00007ff8cd78a054
0x000000000239efd0:   00000000023a0800 0000000000000000
0x000000000239efe0:   00000000023a0800 000000000239f0d8
0x000000000239eff0:   000000000239f060 00000000023a0800
0x000000000239f000:   000000001b910628 00007ff8cd781195
0x000000000239f010:   000000001b910628 000000000239f0d8
0x000000000239f020:   0000000000000000 000000000000000b 

Instructions: (pc=0x000000006a6b8213)
0x000000006a6b81f3:   48 8b ce 48 89 ac 24 b8 00 00 00 e8 8d c2 0c 00
0x000000006a6b8203:   48 8b 8c 24 f0 00 00 00 c7 44 24 48 0e 00 00 00
0x000000006a6b8213:   48 8b 11 48 8d 9c 24 f8 00 00 00 48 8b e8 48 8b
0x000000006a6b8223:   52 08 48 89 5c 24 40 0f b7 4a 22 48 8b 52 08 48 


Register to memory mapping:

RAX=0x000000001bef9648 is an unknown value
RBX=0x00000007c0060218 is pointing into metadata
RCX=0x0000000000000000 is an unknown value
RDX=0x000000001bef9640 is an unknown value
RSP=0x000000000239ef30 is pointing into the stack for thread: 0x00000000023a0800
RBP=0x000000000239f0d8 is pointing into the stack for thread: 0x00000000023a0800
RSI=0x00000000023a09f8 is an unknown value
RDI=0x00000000023a0800 is a thread
R8 =0x0000000000000003 is an unknown value
R9 =0x0000000000000000 is an unknown value
R10=0x0000000000000000 is an unknown value
R11=0x0000000000000200 is an unknown value
R12=0x0000000000000000 is an unknown value
R13={method} {0x000000001b910630} 'createPoint' '()Lcom/darren/ndk/day13/Point;' in 'com/darren/ndk/day13/Simple1'
R14=0x000000000239f0f0 is pointing into the stack for thread: 0x00000000023a0800
R15=0x00000000023a0800 is a thread


Stack: [0x00000000022a0000,0x00000000023a0000],  sp=0x000000000239ef30,  free space=1019k
Native frames: (J=compiled Java code, j=interpreted, Vv=VM code, C=native code)
V  [jvm.dll+0x148213]
C  [NDK_Day13.dll+0x1195]  Java_com_darren_ndk_day13_Simple1_createPoint+0x95
C  0x00000000024b5e34

Java frames: (J=compiled Java code, j=interpreted, Vv=VM code)
j  com.darren.ndk.day13.Simple1.createPoint()Lcom/darren/ndk/day13/Point;+0
j  com.darren.ndk.day13.Simple1.main([Ljava/lang/String;)V+0
v  ~StubRoutines::call_stub

---------------  P R O C E S S  ---------------

Java Threads: ( => current thread )
  0x000000001e086000 JavaThread "Service Thread" daemon [_thread_blocked, id=8908, stack(0x000000001e960000,0x000000001ea60000)]
  0x000000001dffc000 JavaThread "C1 CompilerThread3" daemon [_thread_blocked, id=8876, stack(0x000000001e860000,0x000000001e960000)]
  0x000000001dff0800 JavaThread "C2 CompilerThread2" daemon [_thread_blocked, id=8732, stack(0x000000001e760000,0x000000001e860000)]
  0x000000001dfea800 JavaThread "C2 CompilerThread1" daemon [_thread_blocked, id=4488, stack(0x000000001e660000,0x000000001e760000)]
  0x000000001dfe4000 JavaThread "C2 CompilerThread0" daemon [_thread_blocked, id=9020, stack(0x000000001e560000,0x000000001e660000)]
  0x000000001df97000 JavaThread "Attach Listener" daemon [_thread_blocked, id=9148, stack(0x000000001e460000,0x000000001e560000)]
  0x000000001df96800 JavaThread "Signal Dispatcher" daemon [_thread_blocked, id=8452, stack(0x000000001e360000,0x000000001e460000)]
  0x000000000249a800 JavaThread "Finalizer" daemon [_thread_blocked, id=7968, stack(0x000000001de00000,0x000000001df00000)]
  0x000000001befd000 JavaThread "Reference Handler" daemon [_thread_blocked, id=5068, stack(0x000000001dd00000,0x000000001de00000)]
=>0x00000000023a0800 JavaThread "main" [_thread_in_vm, id=8924, stack(0x00000000022a0000,0x00000000023a0000)]

Other Threads:
  0x000000001bef8800 VMThread [stack: 0x000000001dc00000,0x000000001dd00000] [id=2472]
  0x000000001e0fa000 WatcherThread [stack: 0x000000001ea60000,0x000000001eb60000] [id=8248]

VM state:not at safepoint (normal execution)

VM Mutex/Monitor currently owned by a thread: None

Heap:
 PSYoungGen      total 76288K, used 3932K [0x000000076b500000, 0x0000000770a00000, 0x00000007c0000000)
  eden space 65536K, 6% used [0x000000076b500000,0x000000076b8d7178,0x000000076f500000)
  from space 10752K, 0% used [0x000000076ff80000,0x000000076ff80000,0x0000000770a00000)
  to   space 10752K, 0% used [0x000000076f500000,0x000000076f500000,0x000000076ff80000)
 ParOldGen       total 175104K, used 0K [0x00000006c1e00000, 0x00000006cc900000, 0x000000076b500000)
  object space 175104K, 0% used [0x00000006c1e00000,0x00000006c1e00000,0x00000006cc900000)
 Metaspace       used 2573K, capacity 4486K, committed 4864K, reserved 1056768K
  class space    used 285K, capacity 386K, committed 512K, reserved 1048576K

Card table byte_map: [0x0000000011860000,0x0000000012060000] byte_map_base: 0x000000000e251000

Marking Bits: (ParMarkBitMap*) 0x000000006ad7a5b0
 Begin Bits: [0x0000000012db0000, 0x0000000016d38000)
 End Bits:   [0x0000000016d38000, 0x000000001acc0000)

Polling page: 0x00000000021e0000

CodeCache: size=245760Kb used=1104Kb max_used=1104Kb free=244655Kb
 bounds [0x00000000024a0000, 0x0000000002710000, 0x00000000114a0000]
 total_blobs=262 nmethods=28 adapters=148
 compilation: enabled

Compilation events (10 events):
Event: 0.089 Thread 0x000000001dffc000   24       3       java.lang.String::getChars (62 bytes)
Event: 0.090 Thread 0x000000001dffc000 nmethod 24 0x00000000025af650 code [0x00000000025af800, 0x00000000025afc38]
Event: 0.090 Thread 0x000000001dffc000   25  s    3       java.lang.StringBuffer::append (13 bytes)
Event: 0.090 Thread 0x000000001dffc000 nmethod 25 0x00000000025aed90 code [0x00000000025aef20, 0x00000000025af428]
Event: 0.090 Thread 0x000000001dffc000   26       3       java.lang.AbstractStringBuilder::append (50 bytes)
Event: 0.090 Thread 0x000000001dffc000 nmethod 26 0x00000000025b3010 code [0x00000000025b31a0, 0x00000000025b36a8]
Event: 0.094 Thread 0x000000001dffc000   27       3       java.lang.String::indexOf (7 bytes)
Event: 0.095 Thread 0x000000001dffc000 nmethod 27 0x00000000025b4090 code [0x00000000025b4200, 0x00000000025b4408]
Event: 0.095 Thread 0x000000001dffc000   28       3       java.lang.StringBuilder::append (8 bytes)
Event: 0.095 Thread 0x000000001dffc000 nmethod 28 0x00000000025b4490 code [0x00000000025b4600, 0x00000000025b4788]

GC Heap History (0 events):
No events

Deoptimization events (0 events):
No events

Internal exceptions (3 events):
Event: 0.036 Thread 0x00000000023a0800 Exception <a 'java/lang/NoSuchMethodError': Method sun.misc.Unsafe.defineClass(Ljava/lang/String;[BII)Ljava/lang/Class; name or signature does not match> (0x000000076b513098) thrown at [C:\re\workspace\8-2-build-windows-amd64-cygwin\jdk8u60\4407\hotspot\sr–$Œ“¸4¢?
Event: 0.036 Thread 0x00000000023a0800 Exception <a 'java/lang/NoSuchMethodError': Method sun.misc.Unsafe.prefetchRead(Ljava/lang/Object;J)V name or signature does not match> (0x000000076b513380) thrown at [C:\re\workspace\8-2-build-windows-amd64-cygwin\jdk8u60\4407\hotspot\src\share\vm\prims\jò~ù¨?ª?
Event: 0.106 Thread 0x00000000023a0800 Exception <a 'java/lang/NoSuchMethodError': Point> (0x000000076b5b5df0) thrown at [C:\re\workspace\8-2-build-windows-amd64-cygwin\jdk8u60\4407\hotspot\src\share\vm\prims\jni.cpp, line 1559]

Events (10 events):
Event: 0.094 loading class java/security/BasicPermissionCollection
Event: 0.094 loading class java/security/BasicPermissionCollection done
Event: 0.094 loading class sun/launcher/LauncherHelper$FXHelper
Event: 0.095 loading class sun/launcher/LauncherHelper$FXHelper done
Event: 0.095 loading class java/lang/Class$MethodArray
Event: 0.095 loading class java/lang/Class$MethodArray done
Event: 0.095 loading class com/darren/ndk/day13/Point
Event: 0.095 loading class com/darren/ndk/day13/Point done
Event: 0.095 loading class java/lang/Void
Event: 0.095 loading class java/lang/Void done


Dynamic libraries:
0x00007ff69f3f0000 - 0x00007ff69f427000 	C:\Program Files\Java\jre1.8.0_60\bin\javaw.exe
0x00007ff8d6be0000 - 0x00007ff8d6d89000 	C:\Windows\SYSTEM32\ntdll.dll
0x00007ff8d4ee0000 - 0x00007ff8d5019000 	C:\Windows\system32\KERNEL32.DLL
0x00007ff8d4360000 - 0x00007ff8d446e000 	C:\Windows\system32\KERNELBASE.dll
0x00007ff8d2b90000 - 0x00007ff8d2c1b000 	C:\Windows\system32\apphelp.dll
0x00007ff8bdab0000 - 0x00007ff8bdafc000 	C:\Windows\AppPatch\AppPatch64\AcGenral.DLL
0x00007ff8d68e0000 - 0x00007ff8d6987000 	C:\Windows\system32\msvcrt.dll
0x00007ff8d3e10000 - 0x00007ff8d3e3b000 	C:\Windows\SYSTEM32\SspiCli.dll
0x00007ff8d50a0000 - 0x00007ff8d50f1000 	C:\Windows\system32\SHLWAPI.dll
0x00007ff8d6510000 - 0x00007ff8d6681000 	C:\Windows\system32\USER32.dll
0x00007ff8d4b30000 - 0x00007ff8d4ca6000 	C:\Windows\system32\ole32.dll
0x00007ff8d5100000 - 0x00007ff8d650f000 	C:\Windows\system32\SHELL32.dll
0x00007ff8d35f0000 - 0x00007ff8d360f000 	C:\Windows\SYSTEM32\USERENV.dll
0x00007ff8d4df0000 - 0x00007ff8d4e95000 	C:\Windows\system32\ADVAPI32.dll
0x00007ff8ca3e0000 - 0x00007ff8ca3fb000 	C:\Windows\SYSTEM32\MPR.dll
0x00007ff8d4700000 - 0x00007ff8d4836000 	C:\Windows\system32\RPCRT4.dll
0x00007ff8d48f0000 - 0x00007ff8d4947000 	C:\Windows\SYSTEM32\sechost.dll
0x00007ff8d4950000 - 0x00007ff8d4b27000 	C:\Windows\SYSTEM32\combase.dll
0x00007ff8d4470000 - 0x00007ff8d45b5000 	C:\Windows\system32\GDI32.dll
0x00007ff8d3f60000 - 0x00007ff8d3f74000 	C:\Windows\SYSTEM32\profapi.dll
0x00007ff8d21d0000 - 0x00007ff8d2271000 	C:\Windows\SYSTEM32\SHCORE.dll
0x00007ff8d4ea0000 - 0x00007ff8d4ed4000 	C:\Windows\system32\IMM32.DLL
0x00007ff8d45c0000 - 0x00007ff8d46f8000 	C:\Windows\system32\MSCTF.dll
0x00007ff8d0d00000 - 0x00007ff8d0f5a000 	C:\Windows\WinSxS\amd64_microsoft.windows.common-controls_6595b64144ccf1df_6.0.9600.16384_none_62475f7becb72503\COMCTL32.dll
0x000000006a2e0000 - 0x000000006a3b2000 	C:\Program Files\Java\jre1.8.0_60\bin\msvcr100.dll
0x000000006a570000 - 0x000000006adf9000 	C:\Program Files\Java\jre1.8.0_60\bin\server\jvm.dll
0x00007ff8c9f60000 - 0x00007ff8c9f69000 	C:\Windows\SYSTEM32\WSOCK32.dll
0x00007ff8cb290000 - 0x00007ff8cb2af000 	C:\Windows\SYSTEM32\WINMM.dll
0x00007ff8cc590000 - 0x00007ff8cc59a000 	C:\Windows\SYSTEM32\VERSION.dll
0x00007ff8d6bd0000 - 0x00007ff8d6bd7000 	C:\Windows\system32\PSAPI.DLL
0x00007ff8d4d70000 - 0x00007ff8d4dc8000 	C:\Windows\system32\WS2_32.dll
0x00007ff8cb260000 - 0x00007ff8cb28a000 	C:\Windows\SYSTEM32\WINMMBASE.dll
0x00007ff8d4de0000 - 0x00007ff8d4de9000 	C:\Windows\system32\NSI.dll
0x00007ff8d40e0000 - 0x00007ff8d412a000 	C:\Windows\SYSTEM32\cfgmgr32.dll
0x00007ff8d2de0000 - 0x00007ff8d2e06000 	C:\Windows\SYSTEM32\DEVOBJ.dll
0x000000006a560000 - 0x000000006a56f000 	C:\Program Files\Java\jre1.8.0_60\bin\verify.dll
0x000000006a530000 - 0x000000006a559000 	C:\Program Files\Java\jre1.8.0_60\bin\java.dll
0x000000006a510000 - 0x000000006a526000 	C:\Program Files\Java\jre1.8.0_60\bin\zip.dll
0x00007ff8cd780000 - 0x00007ff8cd78f000 	C:\Users\hcDarren\Desktop\android\NDK\NDK_Day13\x64\Debug\NDK_Day13.dll
0x00007ff8b2f40000 - 0x00007ff8b3151000 	C:\Windows\SYSTEM32\MSVCR120D.dll
0x00007ff8ba7b0000 - 0x00007ff8ba938000 	C:\Windows\SYSTEM32\dbghelp.dll

VM Arguments:
jvm_args: -Dfile.encoding=GBK 
java_command: com.darren.ndk.day13.Simple1
java_class_path (initial): C:\Users\hcDarren\Desktop\android\JavaProject\NDK_Day13_Java\bin
Launcher Type: SUN_STANDARD

Environment Variables:
JAVA_HOME=C:\Program Files\Java\jdk1.8.0_60
PATH=C:/Program Files/Java/jre1.8.0_60/bin/server;C:/Program Files/Java/jre1.8.0_60/bin;C:/Program Files/Java/jre1.8.0_60/lib/amd64;C:\ProgramData\Oracle\Java\javapath;C:\Program Files (x86)\Intel\iCLS Client\;C:\Program Files\Intel\iCLS Client\;C:\Windows\system32;C:\Windows;C:\Windows\System32\Wbem;C:\Windows\System32\WindowsPowerShell\v1.0\;C:\Program Files\Intel\Intel(R) Management Engine Components\DAL;C:\Program Files (x86)\Intel\Intel(R) Management Engine Components\DAL;C:\Program Files\Intel\Intel(R) Management Engine Components\IPT;C:\Program Files (x86)\Intel\Intel(R) Management Engine Components\IPT;C:\Program Files (x86)\Windows Kits\8.1\Windows Performance Toolkit\;C:\Program Files\Microsoft SQL Server\110\Tools\Binn\;C:\Program Files\Java\jdk1.8.0_60\bin;C:\Program Files\Java\jdk1.8.0_60\jre\bin;C:\gradle\gradle-3.3\bin;C:\Users\hcDarren\AppData\Local\Android\Sdk\ndk-bundle;C:\Users\hcDarren\AppData\Local\Android\sdk\platform-tools;;C:\Users\hcDarren\Desktop\android\eclipse;
USERNAME=hcDarren
OS=Windows_NT
PROCESSOR_IDENTIFIER=Intel64 Family 6 Model 70 Stepping 1, GenuineIntel



---------------  S Y S T E M  ---------------

OS: Windows 8.1 , 64 bit Build 9600 (6.3.9600.16656)

CPU:total 8 (4 cores per cpu, 2 threads per core) family 6 model 70 stepping 1, cmov, cx8, fxsr, mmx, sse, sse2, sse3, ssse3, sse4.1, sse4.2, popcnt, avx, avx2, aes, clmul, erms, lzcnt, ht, tsc, tscinvbit, bmi1, bmi2

Memory: 4k page, physical 16650512k(10899428k free), swap 19140880k(11803300k free)

vm_info: Java HotSpot(TM) 64-Bit Server VM (25.60-b23) for windows-amd64 JRE (1.8.0_60-b27), built on Aug  4 2015 11:06:27 by "java_re" with MS VC++ 10.0 (VS2010)

time: Sat Apr 21 21:08:21 2018
elapsed time: 0 seconds (0d 0h 0m 0s)

